This is pdfTeX, Version 3.14159265-2.6-1.40.21 (TeX Live 2020/W32TeX) (preloaded format=pdflatex 2021.2.15)  27 MAY 2021 18:04
entering extended mode
 restricted \write18 enabled.
 %&-line parsing enabled.
**eulachon_multivariate_analysis.tex
(./eulachon_multivariate_analysis.tex
LaTeX2e <2020-10-01> patch level 4
L3 programming layer <2021-02-06>
(c:/Users/rooperc/AppData/Roaming/TinyTeX/texmf-dist/tex/latex/base/article.cls
Document Class: article 2020/04/10 v1.4m Standard LaTeX document class
(c:/Users/rooperc/AppData/Roaming/TinyTeX/texmf-dist/tex/latex/base/size10.clo
File: size10.clo 2020/04/10 v1.4m Standard LaTeX file (size option)
)
\c@part=\count177
\c@section=\count178
\c@subsection=\count179
\c@subsubsection=\count180
\c@paragraph=\count181
\c@subparagraph=\count182
\c@figure=\count183
\c@table=\count184
\abovecaptionskip=\skip47
\belowcaptionskip=\skip48
\bibindent=\dimen138
) (c:/Users/rooperc/AppData/Roaming/TinyTeX/texmf-dist/tex/latex/lm/lmodern.sty
Package: lmodern 2009/10/30 v1.6 Latin Modern Fonts
LaTeX Font Info:    Overwriting symbol font `operators' in version `normal'
(Font)                  OT1/cmr/m/n --> OT1/lmr/m/n on input line 22.
LaTeX Font Info:    Overwriting symbol font `letters' in version `normal'
(Font)                  OML/cmm/m/it --> OML/lmm/m/it on input line 23.
LaTeX Font Info:    Overwriting symbol font `symbols' in version `normal'
(Font)                  OMS/cmsy/m/n --> OMS/lmsy/m/n on input line 24.
LaTeX Font Info:    Overwriting symbol font `largesymbols' in version `normal'
(Font)                  OMX/cmex/m/n --> OMX/lmex/m/n on input line 25.
LaTeX Font Info:    Overwriting symbol font `operators' in version `bold'
(Font)                  OT1/cmr/bx/n --> OT1/lmr/bx/n on input line 26.
LaTeX Font Info:    Overwriting symbol font `letters' in version `bold'
(Font)                  OML/cmm/b/it --> OML/lmm/b/it on input line 27.
LaTeX Font Info:    Overwriting symbol font `symbols' in version `bold'
(Font)                  OMS/cmsy/b/n --> OMS/lmsy/b/n on input line 28.
LaTeX Font Info:    Overwriting symbol font `largesymbols' in version `bold'
(Font)                  OMX/cmex/m/n --> OMX/lmex/m/n on input line 29.
LaTeX Font Info:    Overwriting math alphabet `\mathbf' in version `normal'
(Font)                  OT1/cmr/bx/n --> OT1/lmr/bx/n on input line 31.
LaTeX Font Info:    Overwriting math alphabet `\mathsf' in version `normal'
(Font)                  OT1/cmss/m/n --> OT1/lmss/m/n on input line 32.
LaTeX Font Info:    Overwriting math alphabet `\mathit' in version `normal'
(Font)                  OT1/cmr/m/it --> OT1/lmr/m/it on input line 33.
LaTeX Font Info:    Overwriting math alphabet `\mathtt' in version `normal'
(Font)                  OT1/cmtt/m/n --> OT1/lmtt/m/n on input line 34.
LaTeX Font Info:    Overwriting math alphabet `\mathbf' in version `bold'
(Font)                  OT1/cmr/bx/n --> OT1/lmr/bx/n on input line 35.
LaTeX Font Info:    Overwriting math alphabet `\mathsf' in version `bold'
(Font)                  OT1/cmss/bx/n --> OT1/lmss/bx/n on input line 36.
LaTeX Font Info:    Overwriting math alphabet `\mathit' in version `bold'
(Font)                  OT1/cmr/bx/it --> OT1/lmr/bx/it on input line 37.
LaTeX Font Info:    Overwriting math alphabet `\mathtt' in version `bold'
(Font)                  OT1/cmtt/m/n --> OT1/lmtt/m/n on input line 38.
)
(c:/Users/rooperc/AppData/Roaming/TinyTeX/texmf-dist/tex/latex/amsfonts/amssymb
.sty
Package: amssymb 2013/01/14 v3.01 AMS font symbols

(c:/Users/rooperc/AppData/Roaming/TinyTeX/texmf-dist/tex/latex/amsfonts/amsfont
s.sty
Package: amsfonts 2013/01/14 v3.01 Basic AMSFonts support
\@emptytoks=\toks15
\symAMSa=\mathgroup4
\symAMSb=\mathgroup5
LaTeX Font Info:    Redeclaring math symbol \hbar on input line 98.
LaTeX Font Info:    Overwriting math alphabet `\mathfrak' in version `bold'
(Font)                  U/euf/m/n --> U/euf/b/n on input line 106.
))
(c:/Users/rooperc/AppData/Roaming/TinyTeX/texmf-dist/tex/latex/amsmath/amsmath.
sty
Package: amsmath 2020/09/23 v2.17i AMS math features
\@mathmargin=\skip49
For additional information on amsmath, use the `?' option.

(c:/Users/rooperc/AppData/Roaming/TinyTeX/texmf-dist/tex/latex/amsmath/amstext.
sty
Package: amstext 2000/06/29 v2.01 AMS text

(c:/Users/rooperc/AppData/Roaming/TinyTeX/texmf-dist/tex/latex/amsmath/amsgen.s
ty
File: amsgen.sty 1999/11/30 v2.0 generic functions
\@emptytoks=\toks16
\ex@=\dimen139
))
(c:/Users/rooperc/AppData/Roaming/TinyTeX/texmf-dist/tex/latex/amsmath/amsbsy.s
ty
Package: amsbsy 1999/11/29 v1.2d Bold Symbols
\pmbraise@=\dimen140
)
(c:/Users/rooperc/AppData/Roaming/TinyTeX/texmf-dist/tex/latex/amsmath/amsopn.s
ty
Package: amsopn 2016/03/08 v2.02 operator names
)
\inf@bad=\count185
LaTeX Info: Redefining \frac on input line 234.
\uproot@=\count186
\leftroot@=\count187
LaTeX Info: Redefining \overline on input line 399.
\classnum@=\count188
\DOTSCASE@=\count189
LaTeX Info: Redefining \ldots on input line 496.
LaTeX Info: Redefining \dots on input line 499.
LaTeX Info: Redefining \cdots on input line 620.
\Mathstrutbox@=\box47
\strutbox@=\box48
\big@size=\dimen141
LaTeX Font Info:    Redeclaring font encoding OML on input line 743.
LaTeX Font Info:    Redeclaring font encoding OMS on input line 744.
\macc@depth=\count190
\c@MaxMatrixCols=\count191
\dotsspace@=\muskip16
\c@parentequation=\count192
\dspbrk@lvl=\count193
\tag@help=\toks17
\row@=\count194
\column@=\count195
\maxfields@=\count196
\andhelp@=\toks18
\eqnshift@=\dimen142
\alignsep@=\dimen143
\tagshift@=\dimen144
\tagwidth@=\dimen145
\totwidth@=\dimen146
\lineht@=\dimen147
\@envbody=\toks19
\multlinegap=\skip50
\multlinetaggap=\skip51
\mathdisplay@stack=\toks20
LaTeX Info: Redefining \[ on input line 2923.
LaTeX Info: Redefining \] on input line 2924.
)
(c:/Users/rooperc/AppData/Roaming/TinyTeX/texmf-dist/tex/generic/iftex/ifxetex.
sty
Package: ifxetex 2019/10/25 v0.7 ifxetex legacy package. Use iftex instead.

(c:/Users/rooperc/AppData/Roaming/TinyTeX/texmf-dist/tex/generic/iftex/iftex.st
y
Package: iftex 2020/03/06 v1.0d TeX engine tests
))
(c:/Users/rooperc/AppData/Roaming/TinyTeX/texmf-dist/tex/generic/iftex/ifluatex
.sty
Package: ifluatex 2019/10/25 v1.5 ifluatex legacy package. Use iftex instead.
)
(c:/Users/rooperc/AppData/Roaming/TinyTeX/texmf-dist/tex/latex/base/fontenc.sty
Package: fontenc 2020/08/10 v2.0s Standard LaTeX package
LaTeX Font Info:    Trying to load font information for T1+lmr on input line 11
2.
(c:/Users/rooperc/AppData/Roaming/TinyTeX/texmf-dist/tex/latex/lm/t1lmr.fd
File: t1lmr.fd 2009/10/30 v1.6 Font defs for Latin Modern
))
(c:/Users/rooperc/AppData/Roaming/TinyTeX/texmf-dist/tex/latex/base/inputenc.st
y
Package: inputenc 2020/08/01 v1.3d Input encoding file
\inpenc@prehook=\toks21
\inpenc@posthook=\toks22
)
(c:/Users/rooperc/AppData/Roaming/TinyTeX/texmf-dist/tex/latex/base/textcomp.st
y
Package: textcomp 2020/02/02 v2.0n Standard LaTeX package
)
(c:/Users/rooperc/AppData/Roaming/TinyTeX/texmf-dist/tex/latex/upquote/upquote.
sty
Package: upquote 2012/04/19 v1.3 upright-quote and grave-accent glyphs in verba
tim
)
(c:/Users/rooperc/AppData/Roaming/TinyTeX/texmf-dist/tex/latex/microtype/microt
ype.sty
Package: microtype 2019/02/28 v2.7b Micro-typographical refinements (RS)

(c:/Users/rooperc/AppData/Roaming/TinyTeX/texmf-dist/tex/latex/graphics/keyval.
sty
Package: keyval 2014/10/28 v1.15 key=value parser (DPC)
\KV@toks@=\toks23
)
\MT@toks=\toks24
\MT@count=\count197
LaTeX Info: Redefining \textls on input line 790.
\MT@outer@kern=\dimen148
LaTeX Info: Redefining \textmicrotypecontext on input line 1336.
\MT@listname@count=\count198

(c:/Users/rooperc/AppData/Roaming/TinyTeX/texmf-dist/tex/latex/microtype/microt
ype-pdftex.def
File: microtype-pdftex.def 2019/02/28 v2.7b Definitions specific to pdftex (RS)

LaTeX Info: Redefining \lsstyle on input line 914.
LaTeX Info: Redefining \lslig on input line 914.
\MT@outer@space=\skip52
)
Package microtype Info: Loading configuration file microtype.cfg.

(c:/Users/rooperc/AppData/Roaming/TinyTeX/texmf-dist/tex/latex/microtype/microt
ype.cfg
File: microtype.cfg 2019/02/28 v2.7b microtype main configuration file (RS)
))
(c:/Users/rooperc/AppData/Roaming/TinyTeX/texmf-dist/tex/latex/xcolor/xcolor.st
y
Package: xcolor 2016/05/11 v2.12 LaTeX color extensions (UK)

(c:/Users/rooperc/AppData/Roaming/TinyTeX/texmf-dist/tex/latex/graphics-cfg/col
or.cfg
File: color.cfg 2016/01/02 v1.6 sample color configuration
)
Package xcolor Info: Driver file: pdftex.def on input line 225.

(c:/Users/rooperc/AppData/Roaming/TinyTeX/texmf-dist/tex/latex/graphics-def/pdf
tex.def
File: pdftex.def 2020/10/05 v1.2a Graphics/color driver for pdftex
)
Package xcolor Info: Model `cmy' substituted by `cmy0' on input line 1348.
Package xcolor Info: Model `hsb' substituted by `rgb' on input line 1352.
Package xcolor Info: Model `RGB' extended on input line 1364.
Package xcolor Info: Model `HTML' substituted by `rgb' on input line 1366.
Package xcolor Info: Model `Hsb' substituted by `hsb' on input line 1367.
Package xcolor Info: Model `tHsb' substituted by `hsb' on input line 1368.
Package xcolor Info: Model `HSB' substituted by `hsb' on input line 1369.
Package xcolor Info: Model `Gray' substituted by `gray' on input line 1370.
Package xcolor Info: Model `wave' substituted by `hsb' on input line 1371.
)
(c:/Users/rooperc/AppData/Roaming/TinyTeX/texmf-dist/tex/latex/oberdiek/bookmar
k.sty
Package: bookmark 2016/05/17 v1.26 PDF bookmarks (HO)

(c:/Users/rooperc/AppData/Roaming/TinyTeX/texmf-dist/tex/generic/oberdiek/pdfes
cape.sty
Package: pdfescape 2016/05/16 v1.14 Implements pdfTeX's escape features (HO)

(c:/Users/rooperc/AppData/Roaming/TinyTeX/texmf-dist/tex/generic/ltxcmds/ltxcmd
s.sty
Package: ltxcmds 2020-05-10 v1.25 LaTeX kernel commands for general use (HO)
)
(c:/Users/rooperc/AppData/Roaming/TinyTeX/texmf-dist/tex/latex/pdftexcmds/pdfte
xcmds.sty
Package: pdftexcmds 2019/11/24 v0.31 Utility functions of pdfTeX for LuaTeX (HO
)

(c:/Users/rooperc/AppData/Roaming/TinyTeX/texmf-dist/tex/generic/infwarerr/infw
arerr.sty
Package: infwarerr 2019/12/03 v1.5 Providing info/warning/error messages (HO)
)
Package pdftexcmds Info: \pdf@primitive is available.
Package pdftexcmds Info: \pdf@ifprimitive is available.
Package pdftexcmds Info: \pdfdraftmode found.
))
(c:/Users/rooperc/AppData/Roaming/TinyTeX/texmf-dist/tex/generic/iftex/ifpdf.st
y
Package: ifpdf 2019/10/25 v3.4 ifpdf legacy package. Use iftex instead.
)
(c:/Users/rooperc/AppData/Roaming/TinyTeX/texmf-dist/tex/generic/iftex/ifvtex.s
ty
Package: ifvtex 2019/10/25 v1.7 ifvtex legacy package. Use iftex instead.
)
(c:/Users/rooperc/AppData/Roaming/TinyTeX/texmf-dist/tex/latex/hyperref/hyperre
f.sty
Package: hyperref 2021-02-10 v7.00j Hypertext links for LaTeX

(c:/Users/rooperc/AppData/Roaming/TinyTeX/texmf-dist/tex/generic/kvsetkeys/kvse
tkeys.sty
Package: kvsetkeys 2019/12/15 v1.18 Key value parser (HO)
)
(c:/Users/rooperc/AppData/Roaming/TinyTeX/texmf-dist/tex/generic/kvdefinekeys/k
vdefinekeys.sty
Package: kvdefinekeys 2019-12-19 v1.6 Define keys (HO)
)
(c:/Users/rooperc/AppData/Roaming/TinyTeX/texmf-dist/tex/latex/hycolor/hycolor.
sty
Package: hycolor 2020-01-27 v1.10 Color options for hyperref/bookmark (HO)
)
(c:/Users/rooperc/AppData/Roaming/TinyTeX/texmf-dist/tex/latex/letltxmacro/letl
txmacro.sty
Package: letltxmacro 2019/12/03 v1.6 Let assignment for LaTeX macros (HO)
)
(c:/Users/rooperc/AppData/Roaming/TinyTeX/texmf-dist/tex/latex/auxhook/auxhook.
sty
Package: auxhook 2019-12-17 v1.6 Hooks for auxiliary files (HO)
)
(c:/Users/rooperc/AppData/Roaming/TinyTeX/texmf-dist/tex/latex/kvoptions/kvopti
ons.sty
Package: kvoptions 2020-10-07 v3.14 Key value format for package options (HO)
)
\@linkdim=\dimen149
\Hy@linkcounter=\count199
\Hy@pagecounter=\count266

(c:/Users/rooperc/AppData/Roaming/TinyTeX/texmf-dist/tex/latex/hyperref/pd1enc.
def
File: pd1enc.def 2021-02-10 v7.00j Hyperref: PDFDocEncoding definition (HO)
Now handling font encoding PD1 ...
... no UTF-8 mapping file for font encoding PD1
)
(c:/Users/rooperc/AppData/Roaming/TinyTeX/texmf-dist/tex/latex/hyperref/hyperre
f-langpatches.def
File: hyperref-langpatches.def 2021-02-10 v7.00j Hyperref: patches for babel la
nguages
)
(c:/Users/rooperc/AppData/Roaming/TinyTeX/texmf-dist/tex/generic/intcalc/intcal
c.sty
Package: intcalc 2019/12/15 v1.3 Expandable calculations with integers (HO)
)
(c:/Users/rooperc/AppData/Roaming/TinyTeX/texmf-dist/tex/generic/etexcmds/etexc
mds.sty
Package: etexcmds 2019/12/15 v1.7 Avoid name clashes with e-TeX commands (HO)
)
\Hy@SavedSpaceFactor=\count267

(c:/Users/rooperc/AppData/Roaming/TinyTeX/texmf-dist/tex/latex/hyperref/puenc.d
ef
File: puenc.def 2021-02-10 v7.00j Hyperref: PDF Unicode definition (HO)
Now handling font encoding PU ...
... no UTF-8 mapping file for font encoding PU
)
(c:/Users/rooperc/AppData/Roaming/TinyTeX/texmf-dist/tex/latex/latexconfig/hype
rref.cfg
File: hyperref.cfg 2002/06/06 v1.2 hyperref configuration of TeXLive
)
Package hyperref Info: Option `unicode' set `true' on input line 4073.
Package hyperref Info: Hyper figures OFF on input line 4192.
Package hyperref Info: Link nesting OFF on input line 4197.
Package hyperref Info: Hyper index ON on input line 4200.
Package hyperref Info: Plain pages OFF on input line 4207.
Package hyperref Info: Backreferencing OFF on input line 4212.
Package hyperref Info: Implicit mode ON; LaTeX internals redefined.
Package hyperref Info: Bookmarks ON on input line 4445.
\c@Hy@tempcnt=\count268
(c:/Users/rooperc/AppData/Roaming/TinyTeX/texmf-dist/tex/latex/url/url.sty
\Urlmuskip=\muskip17
Package: url 2013/09/16  ver 3.4  Verb mode for urls, etc.
)
LaTeX Info: Redefining \url on input line 4804.
\XeTeXLinkMargin=\dimen150

(c:/Users/rooperc/AppData/Roaming/TinyTeX/texmf-dist/tex/generic/bitset/bitset.
sty
Package: bitset 2019/12/09 v1.3 Handle bit-vector datatype (HO)

(c:/Users/rooperc/AppData/Roaming/TinyTeX/texmf-dist/tex/generic/bigintcalc/big
intcalc.sty
Package: bigintcalc 2019/12/15 v1.5 Expandable calculations on big integers (HO
)
))
\Fld@menulength=\count269
\Field@Width=\dimen151
\Fld@charsize=\dimen152
Package hyperref Info: Hyper figures OFF on input line 6075.
Package hyperref Info: Link nesting OFF on input line 6080.
Package hyperref Info: Hyper index ON on input line 6083.
Package hyperref Info: backreferencing OFF on input line 6090.
Package hyperref Info: Link coloring OFF on input line 6095.
Package hyperref Info: Link coloring with OCG OFF on input line 6100.
Package hyperref Info: PDF/A mode OFF on input line 6105.
LaTeX Info: Redefining \ref on input line 6145.
LaTeX Info: Redefining \pageref on input line 6149.

(c:/Users/rooperc/AppData/Roaming/TinyTeX/texmf-dist/tex/latex/base/atbegshi-lt
x.sty
Package: atbegshi-ltx 2020/08/17 v1.0a Emulation of the original atbegshi packa
ge
with kernel methods
)
\Hy@abspage=\count270
\c@Item=\count271
\c@Hfootnote=\count272
)
Package hyperref Info: Driver (autodetected): hpdftex.

(c:/Users/rooperc/AppData/Roaming/TinyTeX/texmf-dist/tex/latex/hyperref/hpdftex
.def
File: hpdftex.def 2021-02-10 v7.00j Hyperref driver for pdfTeX

(c:/Users/rooperc/AppData/Roaming/TinyTeX/texmf-dist/tex/latex/base/atveryend-l
tx.sty
Package: atveryend-ltx 2020/08/19 v1.0a Emulation of the original atvery packag
e
with kernel methods
)
\Fld@listcount=\count273
\c@bookmark@seq@number=\count274

(c:/Users/rooperc/AppData/Roaming/TinyTeX/texmf-dist/tex/latex/oberdiek/rerunfi
lecheck.sty
Package: rerunfilecheck 2016/05/16 v1.8 Rerun checks for auxiliary files (HO)

(c:/Users/rooperc/AppData/Roaming/TinyTeX/texmf-dist/tex/generic/oberdiek/uniqu
ecounter.sty
Package: uniquecounter 2016/05/16 v1.3 Provide unlimited unique counter (HO)
)
Package uniquecounter Info: New unique counter `rerunfilecheck' on input line 2
82.
)
\Hy@SectionHShift=\skip53
)
(c:/Users/rooperc/AppData/Roaming/TinyTeX/texmf-dist/tex/latex/oberdiek/bkm-pdf
tex.def
File: bkm-pdftex.def 2016/05/17 v1.26 bookmark driver for pdfTeX (HO)
\BKM@id=\count275
))
(c:/Users/rooperc/AppData/Roaming/TinyTeX/texmf-dist/tex/latex/geometry/geometr
y.sty
Package: geometry 2020/01/02 v5.9 Page Geometry
\Gm@cnth=\count276
\Gm@cntv=\count277
\c@Gm@tempcnt=\count278
\Gm@bindingoffset=\dimen153
\Gm@wd@mp=\dimen154
\Gm@odd@mp=\dimen155
\Gm@even@mp=\dimen156
\Gm@layoutwidth=\dimen157
\Gm@layoutheight=\dimen158
\Gm@layouthoffset=\dimen159
\Gm@layoutvoffset=\dimen160
\Gm@dimlist=\toks25
)
(c:/Users/rooperc/AppData/Roaming/TinyTeX/texmf-dist/tex/latex/fancyvrb/fancyvr
b.sty
Package: fancyvrb 2021/01/20 v3.7 verbatim text (tvz,hv)
\FV@CodeLineNo=\count279
\FV@InFile=\read2
\FV@TabBox=\box49
\c@FancyVerbLine=\count280
\FV@StepNumber=\count281
\FV@OutFile=\write3
)
(c:/Users/rooperc/AppData/Roaming/TinyTeX/texmf-dist/tex/latex/framed/framed.st
y
Package: framed 2011/10/22 v 0.96: framed or shaded text with page breaks
\OuterFrameSep=\skip54
\fb@frw=\dimen161
\fb@frh=\dimen162
\FrameRule=\dimen163
\FrameSep=\dimen164
)
(c:/Users/rooperc/AppData/Roaming/TinyTeX/texmf-dist/tex/latex/graphics/graphic
x.sty
Package: graphicx 2020/09/09 v1.2b Enhanced LaTeX Graphics (DPC,SPQR)

(c:/Users/rooperc/AppData/Roaming/TinyTeX/texmf-dist/tex/latex/graphics/graphic
s.sty
Package: graphics 2020/08/30 v1.4c Standard LaTeX Graphics (DPC,SPQR)

(c:/Users/rooperc/AppData/Roaming/TinyTeX/texmf-dist/tex/latex/graphics/trig.st
y
Package: trig 2016/01/03 v1.10 sin cos tan (DPC)
)
(c:/Users/rooperc/AppData/Roaming/TinyTeX/texmf-dist/tex/latex/graphics-cfg/gra
phics.cfg
File: graphics.cfg 2016/06/04 v1.11 sample graphics configuration
)
Package graphics Info: Driver file: pdftex.def on input line 105.
)
\Gin@req@height=\dimen165
\Gin@req@width=\dimen166
)
(c:/Users/rooperc/AppData/Roaming/TinyTeX/texmf-dist/tex/latex/grffile/grffile.
sty
Package: grffile 2019/11/11 v2.1 Extended file name support for graphics (legac
y)
Package grffile Info: This package is an empty stub for compatibility on input 
line 40.
)
(c:/Users/rooperc/AppData/Roaming/TinyTeX/texmf-dist/tex/latex/l3backend/l3back
end-pdftex.def
File: l3backend-pdftex.def 2021-02-06 L3 backend support: PDF output (pdfTeX)
\l__color_backend_stack_int=\count282
\l__pdf_internal_box=\box50
) (./eulachon_multivariate_analysis.aux)
\openout1 = `eulachon_multivariate_analysis.aux'.

LaTeX Font Info:    Checking defaults for OML/cmm/m/it on input line 107.
LaTeX Font Info:    ... okay on input line 107.
LaTeX Font Info:    Checking defaults for OMS/cmsy/m/n on input line 107.
LaTeX Font Info:    ... okay on input line 107.
LaTeX Font Info:    Checking defaults for OT1/cmr/m/n on input line 107.
LaTeX Font Info:    ... okay on input line 107.
LaTeX Font Info:    Checking defaults for T1/cmr/m/n on input line 107.
LaTeX Font Info:    ... okay on input line 107.
LaTeX Font Info:    Checking defaults for TS1/cmr/m/n on input line 107.
LaTeX Font Info:    ... okay on input line 107.
LaTeX Font Info:    Checking defaults for OMX/cmex/m/n on input line 107.
LaTeX Font Info:    ... okay on input line 107.
LaTeX Font Info:    Checking defaults for U/cmr/m/n on input line 107.
LaTeX Font Info:    ... okay on input line 107.
LaTeX Font Info:    Checking defaults for PD1/pdf/m/n on input line 107.
LaTeX Font Info:    ... okay on input line 107.
LaTeX Font Info:    Checking defaults for PU/pdf/m/n on input line 107.
LaTeX Font Info:    ... okay on input line 107.
LaTeX Info: Redefining \microtypecontext on input line 107.
Package microtype Info: Generating PDF output.
Package microtype Info: Character protrusion enabled (level 2).
Package microtype Info: Using protrusion set `basicmath'.
Package microtype Info: Automatic font expansion enabled (level 2),
(microtype)             stretch: 20, shrink: 20, step: 1, non-selected.
Package microtype Info: Using default expansion set `basictext'.

LaTeX Warning: Command \showhyphens  has changed.
               Check if current package is valid.

Package microtype Info: No adjustment of tracking.
Package microtype Info: No adjustment of interword spacing.
Package microtype Info: No adjustment of character kerning.

(c:/Users/rooperc/AppData/Roaming/TinyTeX/texmf-dist/tex/latex/microtype/mt-cmr
.cfg
File: mt-cmr.cfg 2013/05/19 v2.2 microtype config. file: Computer Modern Roman 
(RS)
)
(c:/Users/rooperc/AppData/Roaming/TinyTeX/texmf-dist/tex/latex/epstopdf-pkg/eps
topdf-base.sty
Package: epstopdf-base 2020-01-24 v2.11 Base part for package epstopdf
Package epstopdf-base Info: Redefining graphics rule for `.eps' on input line 4
85.

(c:/Users/rooperc/AppData/Roaming/TinyTeX/texmf-dist/tex/latex/latexconfig/epst
opdf-sys.cfg
File: epstopdf-sys.cfg 2010/07/13 v1.3 Configuration of (r)epstopdf for TeX Liv
e
))
Package hyperref Info: Link coloring OFF on input line 107.

(c:/Users/rooperc/AppData/Roaming/TinyTeX/texmf-dist/tex/latex/hyperref/nameref
.sty
Package: nameref 2021-04-02 v2.47 Cross-referencing by name of section

(c:/Users/rooperc/AppData/Roaming/TinyTeX/texmf-dist/tex/latex/oberdiek/refcoun
t.sty
Package: refcount 2016/05/16 v3.5 Data extraction from label references (HO)
)
(c:/Users/rooperc/AppData/Roaming/TinyTeX/texmf-dist/tex/generic/gettitlestring
/gettitlestring.sty
Package: gettitlestring 2019/12/15 v1.6 Cleanup title references (HO)
)
\c@section@level=\count283
)
LaTeX Info: Redefining \ref on input line 107.
LaTeX Info: Redefining \pageref on input line 107.
LaTeX Info: Redefining \nameref on input line 107.
*geometry* driver: auto-detecting
*geometry* detected driver: pdftex
*geometry* verbose mode - [ preamble ] result:
* driver: pdftex
* paper: <default>
* layout: <same size as paper>
* layoutoffset:(h,v)=(0.0pt,0.0pt)
* modes: 
* h-part:(L,W,R)=(72.26999pt, 469.75502pt, 72.26999pt)
* v-part:(T,H,B)=(72.26999pt, 650.43001pt, 72.26999pt)
* \paperwidth=614.295pt
* \paperheight=794.96999pt
* \textwidth=469.75502pt
* \textheight=650.43001pt
* \oddsidemargin=0.0pt
* \evensidemargin=0.0pt
* \topmargin=-37.0pt
* \headheight=12.0pt
* \headsep=25.0pt
* \topskip=10.0pt
* \footskip=30.0pt
* \marginparwidth=65.0pt
* \marginparsep=11.0pt
* \columnsep=10.0pt
* \skip\footins=9.0pt plus 4.0pt minus 2.0pt
* \hoffset=0.0pt
* \voffset=0.0pt
* \mag=1000
* \@twocolumnfalse
* \@twosidefalse
* \@mparswitchfalse
* \@reversemarginfalse
* (1in=72.27pt=25.4mm, 1cm=28.453pt)

LaTeX Font Info:    Trying to load font information for OT1+lmr on input line 1
09.
(c:/Users/rooperc/AppData/Roaming/TinyTeX/texmf-dist/tex/latex/lm/ot1lmr.fd
File: ot1lmr.fd 2009/10/30 v1.6 Font defs for Latin Modern
)
LaTeX Font Info:    Trying to load font information for OML+lmm on input line 1
09.
(c:/Users/rooperc/AppData/Roaming/TinyTeX/texmf-dist/tex/latex/lm/omllmm.fd
File: omllmm.fd 2009/10/30 v1.6 Font defs for Latin Modern
)
LaTeX Font Info:    Trying to load font information for OMS+lmsy on input line 
109.
(c:/Users/rooperc/AppData/Roaming/TinyTeX/texmf-dist/tex/latex/lm/omslmsy.fd
File: omslmsy.fd 2009/10/30 v1.6 Font defs for Latin Modern
)
LaTeX Font Info:    Trying to load font information for OMX+lmex on input line 
109.
(c:/Users/rooperc/AppData/Roaming/TinyTeX/texmf-dist/tex/latex/lm/omxlmex.fd
File: omxlmex.fd 2009/10/30 v1.6 Font defs for Latin Modern
)
LaTeX Font Info:    External font `lmex10' loaded for size
(Font)              <12> on input line 109.
LaTeX Font Info:    External font `lmex10' loaded for size
(Font)              <8> on input line 109.
LaTeX Font Info:    External font `lmex10' loaded for size
(Font)              <6> on input line 109.
LaTeX Font Info:    Trying to load font information for U+msa on input line 109
.

(c:/Users/rooperc/AppData/Roaming/TinyTeX/texmf-dist/tex/latex/amsfonts/umsa.fd
File: umsa.fd 2013/01/14 v3.01 AMS symbols A
)
(c:/Users/rooperc/AppData/Roaming/TinyTeX/texmf-dist/tex/latex/microtype/mt-msa
.cfg
File: mt-msa.cfg 2006/02/04 v1.1 microtype config. file: AMS symbols (a) (RS)
)
LaTeX Font Info:    Trying to load font information for U+msb on input line 109
.

(c:/Users/rooperc/AppData/Roaming/TinyTeX/texmf-dist/tex/latex/amsfonts/umsb.fd
File: umsb.fd 2013/01/14 v3.01 AMS symbols B
)
(c:/Users/rooperc/AppData/Roaming/TinyTeX/texmf-dist/tex/latex/microtype/mt-msb
.cfg
File: mt-msb.cfg 2005/06/01 v1.0 microtype config. file: AMS symbols (b) (RS)
)
LaTeX Font Info:    Trying to load font information for T1+lmtt on input line 1
19.
(c:/Users/rooperc/AppData/Roaming/TinyTeX/texmf-dist/tex/latex/lm/t1lmtt.fd
File: t1lmtt.fd 2009/10/30 v1.6 Font defs for Latin Modern
)
LaTeX Font Info:    Font shape `T1/lmtt/bx/n' in size <10> not available
(Font)              Font shape `T1/lmtt/b/n' tried instead on input line 120.
LaTeX Font Info:    Trying to load font information for TS1+lmtt on input line 
241.
(c:/Users/rooperc/AppData/Roaming/TinyTeX/texmf-dist/tex/latex/lm/ts1lmtt.fd
File: ts1lmtt.fd 2009/10/30 v1.6 Font defs for Latin Modern
) [1

{c:/Users/rooperc/AppData/Roaming/TinyTeX/texmf-var/fonts/map/pdftex/updmap/pdf
tex.map}]
Underfull \vbox (badness 10000) detected at line 246
 []


Underfull \vbox (badness 10000) detected at line 246
 []

[2]
Overfull \hbox (94.84807pt too wide) in paragraph at lines 248--251
[]\T1/lmr/m/n/10 (-20) #=======================================================
==================
 []


Overfull \hbox (305.70967pt too wide) in paragraph at lines 248--251
\T1/lmr/m/n/10 (-20) # fol-low-ing EBS.fish mul-ti-vari-ate anal-y-sis out-line
 #========================================================================= 
 []

[3] [4] [5] [6] [7]
<eulachon_multivariate_analysis_files/figure-latex/multivariate analysis-1.pdf,
 id=44, 469.755pt x 325.215pt>
File: eulachon_multivariate_analysis_files/figure-latex/multivariate analysis-1
.pdf Graphic file (type pdf)
<use eulachon_multivariate_analysis_files/figure-latex/multivariate analysis-1.
pdf>
Package pdftex.def Info: eulachon_multivariate_analysis_files/figure-latex/mult
ivariate analysis-1.pdf  used on input line 530.
(pdftex.def)             Requested size: 469.75386pt x 325.2142pt.
[8] [9 <./eulachon_multivariate_analysis_files/figure-latex/multivariate analys
is-1.pdf>]
<eulachon_multivariate_analysis_files/figure-latex/multivariate analysis-2.pdf,
 id=58, 469.755pt x 325.215pt>
File: eulachon_multivariate_analysis_files/figure-latex/multivariate analysis-2
.pdf Graphic file (type pdf)
<use eulachon_multivariate_analysis_files/figure-latex/multivariate analysis-2.
pdf>
Package pdftex.def Info: eulachon_multivariate_analysis_files/figure-latex/mult
ivariate analysis-2.pdf  used on input line 572.
(pdftex.def)             Requested size: 469.75386pt x 325.2142pt.
[10 <./eulachon_multivariate_analysis_files/figure-latex/multivariate analysis-
2.pdf>] [11] [12]
<eulachon_multivariate_analysis_files/figure-latex/multivariate analysis-3.pdf,
 id=77, 469.755pt x 325.215pt>
File: eulachon_multivariate_analysis_files/figure-latex/multivariate analysis-3
.pdf Graphic file (type pdf)
<use eulachon_multivariate_analysis_files/figure-latex/multivariate analysis-3.
pdf>
Package pdftex.def Info: eulachon_multivariate_analysis_files/figure-latex/mult
ivariate analysis-3.pdf  used on input line 719.
(pdftex.def)             Requested size: 469.75386pt x 325.2142pt.
<eulachon_multivariate_analysis_files/figure-latex/multivariate analysis-4.pdf,
 id=78, 469.755pt x 325.215pt>
File: eulachon_multivariate_analysis_files/figure-latex/multivariate analysis-4
.pdf Graphic file (type pdf)
<use eulachon_multivariate_analysis_files/figure-latex/multivariate analysis-4.
pdf>
Package pdftex.def Info: eulachon_multivariate_analysis_files/figure-latex/mult
ivariate analysis-4.pdf  used on input line 727.
(pdftex.def)             Requested size: 469.75386pt x 325.2142pt.
[13 <./eulachon_multivariate_analysis_files/figure-latex/multivariate analysis-
3.pdf>]
<eulachon_multivariate_analysis_files/figure-latex/multivariate analysis-5.pdf,
 id=89, 469.755pt x 325.215pt>
File: eulachon_multivariate_analysis_files/figure-latex/multivariate analysis-5
.pdf Graphic file (type pdf)
<use eulachon_multivariate_analysis_files/figure-latex/multivariate analysis-5.
pdf>
Package pdftex.def Info: eulachon_multivariate_analysis_files/figure-latex/mult
ivariate analysis-5.pdf  used on input line 735.
(pdftex.def)             Requested size: 469.75386pt x 325.2142pt.
[14 <./eulachon_multivariate_analysis_files/figure-latex/multivariate analysis-
4.pdf>]
<eulachon_multivariate_analysis_files/figure-latex/multivariate analysis-6.pdf,
 id=99, 469.755pt x 325.215pt>
File: eulachon_multivariate_analysis_files/figure-latex/multivariate analysis-6
.pdf Graphic file (type pdf)
<use eulachon_multivariate_analysis_files/figure-latex/multivariate analysis-6.
pdf>
Package pdftex.def Info: eulachon_multivariate_analysis_files/figure-latex/mult
ivariate analysis-6.pdf  used on input line 743.
(pdftex.def)             Requested size: 469.75386pt x 325.2142pt.
[15 <./eulachon_multivariate_analysis_files/figure-latex/multivariate analysis-
5.pdf>]
<eulachon_multivariate_analysis_files/figure-latex/multivariate analysis-7.pdf,
 id=109, 469.755pt x 325.215pt>
File: eulachon_multivariate_analysis_files/figure-latex/multivariate analysis-7
.pdf Graphic file (type pdf)
<use eulachon_multivariate_analysis_files/figure-latex/multivariate analysis-7.
pdf>
Package pdftex.def Info: eulachon_multivariate_analysis_files/figure-latex/mult
ivariate analysis-7.pdf  used on input line 751.
(pdftex.def)             Requested size: 469.75386pt x 325.2142pt.
[16 <./eulachon_multivariate_analysis_files/figure-latex/multivariate analysis-
6.pdf>]
<eulachon_multivariate_analysis_files/figure-latex/multivariate analysis-8.pdf,
 id=119, 469.755pt x 325.215pt>
File: eulachon_multivariate_analysis_files/figure-latex/multivariate analysis-8
.pdf Graphic file (type pdf)
<use eulachon_multivariate_analysis_files/figure-latex/multivariate analysis-8.
pdf>
Package pdftex.def Info: eulachon_multivariate_analysis_files/figure-latex/mult
ivariate analysis-8.pdf  used on input line 759.
(pdftex.def)             Requested size: 469.75386pt x 325.2142pt.
[17 <./eulachon_multivariate_analysis_files/figure-latex/multivariate analysis-
7.pdf>] [18 <./eulachon_multivariate_analysis_files/figure-latex/multivariate a
nalysis-8.pdf>] [19] [20] [21] [22]
<eulachon_multivariate_analysis_files/figure-latex/multivariate analysis-9.pdf,
 id=156, 469.755pt x 325.215pt>
File: eulachon_multivariate_analysis_files/figure-latex/multivariate analysis-9
.pdf Graphic file (type pdf)
<use eulachon_multivariate_analysis_files/figure-latex/multivariate analysis-9.
pdf>
Package pdftex.def Info: eulachon_multivariate_analysis_files/figure-latex/mult
ivariate analysis-9.pdf  used on input line 1036.
(pdftex.def)             Requested size: 469.75386pt x 325.2142pt.
[23 <./eulachon_multivariate_analysis_files/figure-latex/multivariate analysis-
9.pdf>]
<eulachon_multivariate_analysis_files/figure-latex/multivariate analysis-10.pdf
, id=167, 469.755pt x 325.215pt>
File: eulachon_multivariate_analysis_files/figure-latex/multivariate analysis-1
0.pdf Graphic file (type pdf)
<use eulachon_multivariate_analysis_files/figure-latex/multivariate analysis-10
.pdf>
Package pdftex.def Info: eulachon_multivariate_analysis_files/figure-latex/mult
ivariate analysis-10.pdf  used on input line 1086.
(pdftex.def)             Requested size: 469.75386pt x 325.2142pt.
[24] [25 <./eulachon_multivariate_analysis_files/figure-latex/multivariate anal
ysis-10.pdf>]
<eulachon_multivariate_analysis_files/figure-latex/multivariate analysis-11.pdf
, id=183, 469.755pt x 325.215pt>
File: eulachon_multivariate_analysis_files/figure-latex/multivariate analysis-1
1.pdf Graphic file (type pdf)
<use eulachon_multivariate_analysis_files/figure-latex/multivariate analysis-11
.pdf>
Package pdftex.def Info: eulachon_multivariate_analysis_files/figure-latex/mult
ivariate analysis-11.pdf  used on input line 1150.
(pdftex.def)             Requested size: 469.75386pt x 325.2142pt.
[26 <./eulachon_multivariate_analysis_files/figure-latex/multivariate analysis-
11.pdf>]
<eulachon_multivariate_analysis_files/figure-latex/multivariate analysis-12.pdf
, id=194, 469.755pt x 325.215pt>
File: eulachon_multivariate_analysis_files/figure-latex/multivariate analysis-1
2.pdf Graphic file (type pdf)
<use eulachon_multivariate_analysis_files/figure-latex/multivariate analysis-12
.pdf>
Package pdftex.def Info: eulachon_multivariate_analysis_files/figure-latex/mult
ivariate analysis-12.pdf  used on input line 1159.
(pdftex.def)             Requested size: 469.75386pt x 325.2142pt.
<eulachon_multivariate_analysis_files/figure-latex/multivariate analysis-13.pdf
, id=195, 469.755pt x 325.215pt>
File: eulachon_multivariate_analysis_files/figure-latex/multivariate analysis-1
3.pdf Graphic file (type pdf)
<use eulachon_multivariate_analysis_files/figure-latex/multivariate analysis-13
.pdf>
Package pdftex.def Info: eulachon_multivariate_analysis_files/figure-latex/mult
ivariate analysis-13.pdf  used on input line 1183.
(pdftex.def)             Requested size: 469.75386pt x 325.2142pt.
[27 <./eulachon_multivariate_analysis_files/figure-latex/multivariate analysis-
12.pdf>]
<eulachon_multivariate_analysis_files/figure-latex/multivariate analysis-14.pdf
, id=205, 469.755pt x 325.215pt>
File: eulachon_multivariate_analysis_files/figure-latex/multivariate analysis-1
4.pdf Graphic file (type pdf)
<use eulachon_multivariate_analysis_files/figure-latex/multivariate analysis-14
.pdf>
Package pdftex.def Info: eulachon_multivariate_analysis_files/figure-latex/mult
ivariate analysis-14.pdf  used on input line 1210.
(pdftex.def)             Requested size: 469.75386pt x 325.2142pt.
[28 <./eulachon_multivariate_analysis_files/figure-latex/multivariate analysis-
13.pdf>]
<eulachon_multivariate_analysis_files/figure-latex/multivariate analysis-15.pdf
, id=215, 469.755pt x 325.215pt>
File: eulachon_multivariate_analysis_files/figure-latex/multivariate analysis-1
5.pdf Graphic file (type pdf)
<use eulachon_multivariate_analysis_files/figure-latex/multivariate analysis-15
.pdf>
Package pdftex.def Info: eulachon_multivariate_analysis_files/figure-latex/mult
ivariate analysis-15.pdf  used on input line 1238.
(pdftex.def)             Requested size: 469.75386pt x 325.2142pt.
[29 <./eulachon_multivariate_analysis_files/figure-latex/multivariate analysis-
14.pdf>]
<eulachon_multivariate_analysis_files/figure-latex/multivariate analysis-16.pdf
, id=225, 469.755pt x 325.215pt>
File: eulachon_multivariate_analysis_files/figure-latex/multivariate analysis-1
6.pdf Graphic file (type pdf)
<use eulachon_multivariate_analysis_files/figure-latex/multivariate analysis-16
.pdf>
Package pdftex.def Info: eulachon_multivariate_analysis_files/figure-latex/mult
ivariate analysis-16.pdf  used on input line 1249.
(pdftex.def)             Requested size: 469.75386pt x 325.2142pt.
[30 <./eulachon_multivariate_analysis_files/figure-latex/multivariate analysis-
15.pdf>] [31 <./eulachon_multivariate_analysis_files/figure-latex/multivariate 
analysis-16.pdf>]
<eulachon_multivariate_analysis_files/figure-latex/multivariate analysis-17.pdf
, id=246, 469.755pt x 325.215pt>
File: eulachon_multivariate_analysis_files/figure-latex/multivariate analysis-1
7.pdf Graphic file (type pdf)
<use eulachon_multivariate_analysis_files/figure-latex/multivariate analysis-17
.pdf>
Package pdftex.def Info: eulachon_multivariate_analysis_files/figure-latex/mult
ivariate analysis-17.pdf  used on input line 1338.
(pdftex.def)             Requested size: 469.75386pt x 325.2142pt.
[32]
<eulachon_multivariate_analysis_files/figure-latex/multivariate analysis-18.pdf
, id=251, 469.755pt x 325.215pt>
File: eulachon_multivariate_analysis_files/figure-latex/multivariate analysis-1
8.pdf Graphic file (type pdf)
<use eulachon_multivariate_analysis_files/figure-latex/multivariate analysis-18
.pdf>
Package pdftex.def Info: eulachon_multivariate_analysis_files/figure-latex/mult
ivariate analysis-18.pdf  used on input line 1372.
(pdftex.def)             Requested size: 469.75386pt x 325.2142pt.
[33 <./eulachon_multivariate_analysis_files/figure-latex/multivariate analysis-
17.pdf>] [34 <./eulachon_multivariate_analysis_files/figure-latex/multivariate 
analysis-18.pdf>]
<eulachon_multivariate_analysis_files/figure-latex/multivariate analysis-19.pdf
, id=272, 469.755pt x 325.215pt>
File: eulachon_multivariate_analysis_files/figure-latex/multivariate analysis-1
9.pdf Graphic file (type pdf)
<use eulachon_multivariate_analysis_files/figure-latex/multivariate analysis-19
.pdf>
Package pdftex.def Info: eulachon_multivariate_analysis_files/figure-latex/mult
ivariate analysis-19.pdf  used on input line 1462.
(pdftex.def)             Requested size: 469.75386pt x 325.2142pt.
[35]
Overfull \vbox (1.55464pt too high) detected at line 1499
 []

[36 <./eulachon_multivariate_analysis_files/figure-latex/multivariate analysis-
19.pdf>]
<eulachon_multivariate_analysis_files/figure-latex/multivariate analysis-20.pdf
, id=287, 469.755pt x 325.215pt>
File: eulachon_multivariate_analysis_files/figure-latex/multivariate analysis-2
0.pdf Graphic file (type pdf)
<use eulachon_multivariate_analysis_files/figure-latex/multivariate analysis-20
.pdf>
Package pdftex.def Info: eulachon_multivariate_analysis_files/figure-latex/mult
ivariate analysis-20.pdf  used on input line 1501.
(pdftex.def)             Requested size: 469.75386pt x 325.2142pt.
[37 <./eulachon_multivariate_analysis_files/figure-latex/multivariate analysis-
20.pdf>]
<eulachon_multivariate_analysis_files/figure-latex/multivariate analysis-21.pdf
, id=300, 469.755pt x 325.215pt>
File: eulachon_multivariate_analysis_files/figure-latex/multivariate analysis-2
1.pdf Graphic file (type pdf)
<use eulachon_multivariate_analysis_files/figure-latex/multivariate analysis-21
.pdf>
Package pdftex.def Info: eulachon_multivariate_analysis_files/figure-latex/mult
ivariate analysis-21.pdf  used on input line 1563.
(pdftex.def)             Requested size: 469.75386pt x 325.2142pt.
[38 <./eulachon_multivariate_analysis_files/figure-latex/multivariate analysis-
21.pdf>]
<eulachon_multivariate_analysis_files/figure-latex/multivariate analysis-22.pdf
, id=311, 469.755pt x 325.215pt>
File: eulachon_multivariate_analysis_files/figure-latex/multivariate analysis-2
2.pdf Graphic file (type pdf)
<use eulachon_multivariate_analysis_files/figure-latex/multivariate analysis-22
.pdf>
Package pdftex.def Info: eulachon_multivariate_analysis_files/figure-latex/mult
ivariate analysis-22.pdf  used on input line 1593.
(pdftex.def)             Requested size: 469.75386pt x 325.2142pt.
[39 <./eulachon_multivariate_analysis_files/figure-latex/multivariate analysis-
22.pdf>] [40] [41] [42]
<eulachon_multivariate_analysis_files/figure-latex/multivariate analysis-23.pdf
, id=333, 469.755pt x 325.215pt>
File: eulachon_multivariate_analysis_files/figure-latex/multivariate analysis-2
3.pdf Graphic file (type pdf)
<use eulachon_multivariate_analysis_files/figure-latex/multivariate analysis-23
.pdf>
Package pdftex.def Info: eulachon_multivariate_analysis_files/figure-latex/mult
ivariate analysis-23.pdf  used on input line 1772.
(pdftex.def)             Requested size: 469.75386pt x 325.2142pt.
[43 <./eulachon_multivariate_analysis_files/figure-latex/multivariate analysis-
23.pdf>]
<eulachon_multivariate_analysis_files/figure-latex/multivariate analysis-24.pdf
, id=345, 469.755pt x 325.215pt>
File: eulachon_multivariate_analysis_files/figure-latex/multivariate analysis-2
4.pdf Graphic file (type pdf)
<use eulachon_multivariate_analysis_files/figure-latex/multivariate analysis-24
.pdf>
Package pdftex.def Info: eulachon_multivariate_analysis_files/figure-latex/mult
ivariate analysis-24.pdf  used on input line 1801.
(pdftex.def)             Requested size: 469.75386pt x 325.2142pt.
[44 <./eulachon_multivariate_analysis_files/figure-latex/multivariate analysis-
24.pdf>]
<eulachon_multivariate_analysis_files/figure-latex/multivariate analysis-25.pdf
, id=355, 469.755pt x 325.215pt>
File: eulachon_multivariate_analysis_files/figure-latex/multivariate analysis-2
5.pdf Graphic file (type pdf)
<use eulachon_multivariate_analysis_files/figure-latex/multivariate analysis-25
.pdf>
Package pdftex.def Info: eulachon_multivariate_analysis_files/figure-latex/mult
ivariate analysis-25.pdf  used on input line 1890.
(pdftex.def)             Requested size: 469.75386pt x 325.2142pt.
[45]
<eulachon_multivariate_analysis_files/figure-latex/multivariate analysis-26.pdf
, id=360, 469.755pt x 325.215pt>
File: eulachon_multivariate_analysis_files/figure-latex/multivariate analysis-2
6.pdf Graphic file (type pdf)
<use eulachon_multivariate_analysis_files/figure-latex/multivariate analysis-26
.pdf>
Package pdftex.def Info: eulachon_multivariate_analysis_files/figure-latex/mult
ivariate analysis-26.pdf  used on input line 1904.
(pdftex.def)             Requested size: 469.75386pt x 325.2142pt.
[46 <./eulachon_multivariate_analysis_files/figure-latex/multivariate analysis-
25.pdf>]
Overfull \hbox (102.49332pt too wide) in paragraph at lines 2150--2150
[]\T1/lmtt/m/n/10 ## K-means clustering with 18 clusters of sizes 15, 2, 4, 13,
 23, 14, 7, 6, 2, 39, 1, 27, 1, 1, 1, 19, 237, 2[] 
 []

[47 <./eulachon_multivariate_analysis_files/figure-latex/multivariate analysis-
26.pdf>] [48] [49] [50] [51]
<eulachon_multivariate_analysis_files/figure-latex/multivariate analysis-27.pdf
, id=396, 469.755pt x 325.215pt>
File: eulachon_multivariate_analysis_files/figure-latex/multivariate analysis-2
7.pdf Graphic file (type pdf)
<use eulachon_multivariate_analysis_files/figure-latex/multivariate analysis-27
.pdf>
Package pdftex.def Info: eulachon_multivariate_analysis_files/figure-latex/mult
ivariate analysis-27.pdf  used on input line 2160.
(pdftex.def)             Requested size: 469.75386pt x 325.2142pt.
[52 <./eulachon_multivariate_analysis_files/figure-latex/multivariate analysis-
27.pdf>]
<eulachon_multivariate_analysis_files/figure-latex/multivariate analysis-28.pdf
, id=410, 469.755pt x 325.215pt>
File: eulachon_multivariate_analysis_files/figure-latex/multivariate analysis-2
8.pdf Graphic file (type pdf)
<use eulachon_multivariate_analysis_files/figure-latex/multivariate analysis-28
.pdf>
Package pdftex.def Info: eulachon_multivariate_analysis_files/figure-latex/mult
ivariate analysis-28.pdf  used on input line 2204.
(pdftex.def)             Requested size: 469.75386pt x 325.2142pt.
[53 <./eulachon_multivariate_analysis_files/figure-latex/multivariate analysis-
28.pdf>]
<eulachon_multivariate_analysis_files/figure-latex/multivariate analysis-29.pdf
, id=420, 469.755pt x 325.215pt>
File: eulachon_multivariate_analysis_files/figure-latex/multivariate analysis-2
9.pdf Graphic file (type pdf)
<use eulachon_multivariate_analysis_files/figure-latex/multivariate analysis-29
.pdf>
Package pdftex.def Info: eulachon_multivariate_analysis_files/figure-latex/mult
ivariate analysis-29.pdf  used on input line 2242.
(pdftex.def)             Requested size: 469.75386pt x 325.2142pt.
[54 <./eulachon_multivariate_analysis_files/figure-latex/multivariate analysis-
29.pdf>]
<eulachon_multivariate_analysis_files/figure-latex/multivariate analysis-30.pdf
, id=430, 469.755pt x 325.215pt>
File: eulachon_multivariate_analysis_files/figure-latex/multivariate analysis-3
0.pdf Graphic file (type pdf)
<use eulachon_multivariate_analysis_files/figure-latex/multivariate analysis-30
.pdf>
Package pdftex.def Info: eulachon_multivariate_analysis_files/figure-latex/mult
ivariate analysis-30.pdf  used on input line 2321.
(pdftex.def)             Requested size: 469.75386pt x 325.2142pt.
[55] [56 <./eulachon_multivariate_analysis_files/figure-latex/multivariate anal
ysis-30.pdf>] [57]
<eulachon_multivariate_analysis_files/figure-latex/multivariate analysis-31.pdf
, id=450, 469.755pt x 325.215pt>
File: eulachon_multivariate_analysis_files/figure-latex/multivariate analysis-3
1.pdf Graphic file (type pdf)
<use eulachon_multivariate_analysis_files/figure-latex/multivariate analysis-31
.pdf>
Package pdftex.def Info: eulachon_multivariate_analysis_files/figure-latex/mult
ivariate analysis-31.pdf  used on input line 2461.
(pdftex.def)             Requested size: 469.75386pt x 325.2142pt.
[58] [59 <./eulachon_multivariate_analysis_files/figure-latex/multivariate anal
ysis-31.pdf>] (./eulachon_multivariate_analysis.aux) ) 
Here is how much of TeX's memory you used:
 12478 strings out of 481250
 202350 string characters out of 5913850
 562219 words of memory out of 5000000
 29099 multiletter control sequences out of 15000+600000
 433026 words of font info for 62 fonts, out of 8000000 for 9000
 14 hyphenation exceptions out of 8191
 85i,6n,88p,417b,475s stack positions out of 5000i,500n,10000p,200000b,80000s
{c:/Users/rooperc/AppData
/Roaming/TinyTeX/texmf-dist/fonts/enc/dvips/lm/lm-ts1.enc}{c:/Users/rooperc/App
Data/Roaming/TinyTeX/texmf-dist/fonts/enc/dvips/lm/lm-ec.enc}<c:/Users/rooperc/
AppData/Roaming/TinyTeX/texmf-dist/fonts/type1/public/lm/lmbx12.pfb><c:/Users/r
ooperc/AppData/Roaming/TinyTeX/texmf-dist/fonts/type1/public/lm/lmr10.pfb><c:/U
sers/rooperc/AppData/Roaming/TinyTeX/texmf-dist/fonts/type1/public/lm/lmr12.pfb
><c:/Users/rooperc/AppData/Roaming/TinyTeX/texmf-dist/fonts/type1/public/lm/lmr
17.pfb><c:/Users/rooperc/AppData/Roaming/TinyTeX/texmf-dist/fonts/type1/public/
lm/lmtk10.pfb><c:/Users/rooperc/AppData/Roaming/TinyTeX/texmf-dist/fonts/type1/
public/lm/lmtt10.pfb><c:/Users/rooperc/AppData/Roaming/TinyTeX/texmf-dist/fonts
/type1/public/lm/lmtti10.pfb>
Output written on eulachon_multivariate_analysis.pdf (59 pages, 1643655 bytes).

PDF statistics:
 513 PDF objects out of 1000 (max. 8388607)
 379 compressed objects within 4 object streams
 62 named destinations out of 1000 (max. 500000)
 8356 words of extra memory for PDF output out of 10000 (max. 10000000)

